{
  "stats": {
    "suites": 1,
    "tests": 1,
    "passes": 1,
    "pending": 0,
    "failures": 0,
    "start": "2021-04-30T14:05:49.945Z",
    "end": "2021-04-30T14:06:02.339Z",
    "duration": 12394,
    "testsRegistered": 1,
    "passPercent": 100,
    "pendingPercent": 0,
    "other": 0,
    "hasOther": false,
    "skipped": 0,
    "hasSkipped": false
  },
  "results": [
    {
      "uuid": "a3f84639-ae42-4cb8-a948-046a04b90c81",
      "title": "",
      "fullFile": "cypress/integration/examples/test2.js",
      "file": "cypress/integration/examples/test2.js",
      "beforeHooks": [],
      "afterHooks": [],
      "tests": [],
      "suites": [
        {
          "uuid": "a9bb58bc-cf80-4ba1-bffb-41281453cedd",
          "title": "My Second Test Suite",
          "fullFile": "",
          "file": "",
          "beforeHooks": [],
          "afterHooks": [],
          "tests": [
            {
              "title": "My Second Test case",
              "fullTitle": "My Second Test Suite My Second Test case",
              "timedOut": null,
              "duration": 8857,
              "state": "passed",
              "speed": "slow",
              "pass": true,
              "fail": false,
              "pending": false,
              "context": null,
              "code": "cy.visit(\"https://rahulshettyacademy.com/seleniumPractise/#/\");\ncy.get('.search-keyword').type('ca');\ncy.wait(2000);\ncy.get('.products').as('productLocator');\ncy.get('@productLocator').find('.product').each(function ($el, index, $list) {\n  var textVeg = $el.find('h4.product-name').text();\n  if (textVeg.includes('Cashews')) {\n    $el.find('button').click();\n  }\n});\ncy.get('.cart-icon > img').click();",
              "err": {},
              "uuid": "2c0eee56-6c18-41a7-9109-f10ba0e8ffe0",
              "parentUUID": "a9bb58bc-cf80-4ba1-bffb-41281453cedd",
              "isHook": false,
              "skipped": false
            }
          ],
          "suites": [],
          "passes": [
            "2c0eee56-6c18-41a7-9109-f10ba0e8ffe0"
          ],
          "failures": [],
          "pending": [],
          "skipped": [],
          "duration": 8857,
          "root": false,
          "rootEmpty": false,
          "_timeout": 2000
        }
      ],
      "passes": [],
      "failures": [],
      "pending": [],
      "skipped": [],
      "duration": 0,
      "root": true,
      "rootEmpty": true,
      "_timeout": 2000
    }
  ],
  "meta": {
    "mocha": {
      "version": "7.0.1"
    },
    "mochawesome": {
      "options": {
        "quiet": false,
        "reportFilename": "mochawesome",
        "saveHtml": true,
        "saveJson": true,
        "consoleReporter": "spec",
        "useInlineDiffs": false
      },
      "version": "4.1.0"
    },
    "marge": {
      "options": null,
      "version": "4.1.0"
    }
  }
}